2022-07-07 10:11:47,467 [INFO] c.t.TweetAppApiApplication {restartedMain} Starting TweetAppApiApplication on DESKTOP-0GESMLH with PID 21892 (started by 888245 in C:\Users\888245\git\FINAL VERSION TWEETAPP\tweet_app_api_service)
2022-07-07 10:11:47,467 [DEBUG] c.t.TweetAppApiApplication {restartedMain} Running with Spring Boot v2.1.2.RELEASE, Spring v5.1.4.RELEASE
2022-07-07 10:11:47,475 [INFO] c.t.TweetAppApiApplication {restartedMain} No active profile set, falling back to default profiles: default
2022-07-07 10:11:47,506 [INFO] o.s.b.d.e.DevToolsPropertyDefaultsPostProcessor {restartedMain} Devtools property defaults active! Set 'spring.devtools.add-properties' to 'false' to disable
2022-07-07 10:11:47,506 [INFO] o.s.b.d.e.DevToolsPropertyDefaultsPostProcessor {restartedMain} For additional web related logging consider setting the 'logging.level.web' property to 'DEBUG'
2022-07-07 10:11:48,257 [INFO] o.s.d.r.c.RepositoryConfigurationDelegate {restartedMain} Bootstrapping Spring Data repositories in DEFAULT mode.
2022-07-07 10:11:48,324 [INFO] o.s.d.r.c.RepositoryConfigurationDelegate {restartedMain} Finished Spring Data repository scanning in 59ms. Found 2 repository interfaces.
2022-07-07 10:11:48,806 [INFO] o.s.b.w.e.t.TomcatWebServer {restartedMain} Tomcat initialized with port(s): 8682 (http)
2022-07-07 10:11:48,824 [INFO] o.a.c.c.StandardService {restartedMain} Starting service [Tomcat]
2022-07-07 10:11:48,824 [INFO] o.a.c.c.StandardEngine {restartedMain} Starting Servlet engine: [Apache Tomcat/9.0.14]
2022-07-07 10:11:48,833 [INFO] o.a.c.c.AprLifecycleListener {restartedMain} The APR based Apache Tomcat Native library which allows optimal performance in production environments was not found on the java.library.path: [C:\Program Files\Eclipse Foundation\jdk-11.0.12.7-hotspot\bin;C:\Windows\Sun\Java\bin;C:\Windows\system32;C:\Windows;C:\Python310\Scripts\;C:\Python310\;C:\Program Files (x86)\Common Files\Oracle\Java\javapath;C:\Windows\system32;C:\Windows;C:\Windows\System32\Wbem;C:\Windows\System32\WindowsPowerShell\v1.0\;C:\Windows\System32\OpenSSH\;C:\Program Files (x86)\NVIDIA Corporation\PhysX\Common;C:\Program Files\WindowsPowerShell\Scripts;C:\Program Files\Docker\Docker\resources\bin;C:\ProgramData\DockerDesktop\version-bin;C:\Program Files\Java\jdk1.8.0_261\bin;C:\Program Files\Git\cmd;C:\Program Files\nodejs\;C:\ProgramData\chocolatey\bin;C:\webdrivers;C:\Program Files\Java\jdk1.8.0_261\bin;C:\Users\888245\AppData\Local\Programs\Git\cmd;C:\Program Files\IntelliJ IDEA Community Edition 2021.1.3\bin;;C:\Users\888245\AppData\Local\Programs\Microsoft VS Code\bin;C:\Users\888245\AppData\Roaming\npm;.]
2022-07-07 10:11:48,933 [INFO] o.a.c.c.C.[.[.[.0] {restartedMain} Initializing Spring embedded WebApplicationContext
2022-07-07 10:11:48,933 [INFO] o.s.w.c.ContextLoader {restartedMain} Root WebApplicationContext: initialization completed in 1427 ms
2022-07-07 10:11:49,133 [DEBUG] c.t.c.m.MongoDbConfig {restartedMain} Initializing MongoDB uri: mongodb://localhost:27017
2022-07-07 10:11:49,282 [INFO] o.m.d.cluster {restartedMain} Cluster created with settings {hosts=[localhost:27017], mode=SINGLE, requiredClusterType=UNKNOWN, serverSelectionTimeout='30000 ms', maxWaitQueueSize=500}
2022-07-07 10:11:49,306 [INFO] c.t.c.m.MongoDbConfig {restartedMain} Database Name: 'tweet_app'
2022-07-07 10:11:49,466 [INFO] o.s.b.d.a.OptionalLiveReloadServer {restartedMain} LiveReload server is running on port 35729
2022-07-07 10:11:49,742 [INFO] o.s.s.w.DefaultSecurityFilterChain {restartedMain} Creating filter chain: any request, [org.springframework.security.web.context.request.async.WebAsyncManagerIntegrationFilter@590aa053, org.springframework.security.web.context.SecurityContextPersistenceFilter@476ca3a6, org.springframework.security.web.header.HeaderWriterFilter@46f7425e, org.springframework.security.web.authentication.logout.LogoutFilter@79827201, org.springframework.security.web.savedrequest.RequestCacheAwareFilter@4c1413f8, org.springframework.security.web.servletapi.SecurityContextHolderAwareRequestFilter@dbfcc70, org.springframework.security.web.authentication.AnonymousAuthenticationFilter@5b7b34d, org.springframework.security.web.session.SessionManagementFilter@18ad81e3, org.springframework.security.web.access.ExceptionTranslationFilter@3d127b0, org.springframework.security.web.access.intercept.FilterSecurityInterceptor@28ad820]
2022-07-07 10:11:49,858 [INFO] o.s.s.c.ThreadPoolTaskExecutor {restartedMain} Initializing ExecutorService 'applicationTaskExecutor'
2022-07-07 10:11:50,259 [INFO] o.s.b.w.e.t.TomcatWebServer {restartedMain} Tomcat initialized with port(s): 8071 (http)
2022-07-07 10:11:50,259 [INFO] o.a.c.c.StandardService {restartedMain} Starting service [Tomcat]
2022-07-07 10:11:50,259 [INFO] o.a.c.c.StandardEngine {restartedMain} Starting Servlet engine: [Apache Tomcat/9.0.14]
2022-07-07 10:11:50,291 [INFO] o.a.c.c.C.[.[.[/] {restartedMain} Initializing Spring embedded WebApplicationContext
2022-07-07 10:11:50,291 [INFO] o.s.w.c.ContextLoader {restartedMain} Root WebApplicationContext: initialization completed in 116 ms
2022-07-07 10:11:50,316 [INFO] o.s.b.a.e.w.EndpointLinksResolver {restartedMain} Exposing 18 endpoint(s) beneath base path '/insights'
2022-07-07 10:11:50,375 [INFO] o.s.b.w.e.t.TomcatWebServer {restartedMain} Tomcat started on port(s): 8071 (http) with context path ''
2022-07-07 10:11:50,383 [INFO] o.s.b.w.e.t.TomcatWebServer {restartedMain} Tomcat started on port(s): 8682 (http) with context path '/api/v1.0'
2022-07-07 10:11:50,391 [INFO] c.t.TweetAppApiApplication {restartedMain} Started TweetAppApiApplication in 3.245 seconds (JVM running for 4.378)
2022-07-07 10:11:51,297 [INFO] o.a.c.c.C.[.[.[.0] {RMI TCP Connection(2)-192.168.0.192} Initializing Spring DispatcherServlet 'dispatcherServlet'
2022-07-07 10:11:51,297 [INFO] o.s.w.s.DispatcherServlet {RMI TCP Connection(2)-192.168.0.192} Initializing Servlet 'dispatcherServlet'
2022-07-07 10:11:51,305 [INFO] o.s.w.s.DispatcherServlet {RMI TCP Connection(2)-192.168.0.192} Completed initialization in 8 ms
2022-07-07 10:11:51,313 [INFO] o.m.d.cluster {RMI TCP Connection(3)-192.168.0.192} Cluster description not yet available. Waiting for 30000 ms before timing out
2022-07-07 10:11:51,330 [INFO] o.m.d.cluster {cluster-ClusterId{value='62c6640d524b23186698370e', description='null'}-localhost:27017} Exception in monitor thread while connecting to server localhost:27017
com.mongodb.MongoSocketOpenException: Exception opening socket
	at com.mongodb.internal.connection.SocketStream.open(SocketStream.java:70) ~[mongo-java-driver-3.12.8.jar:?]
	at com.mongodb.internal.connection.InternalStreamConnection.open(InternalStreamConnection.java:128) ~[mongo-java-driver-3.12.8.jar:?]
	at com.mongodb.internal.connection.DefaultServerMonitor$ServerMonitorRunnable.run(DefaultServerMonitor.java:117) [mongo-java-driver-3.12.8.jar:?]
	at java.lang.Thread.run(Thread.java:829) [?:?]
Caused by: java.net.ConnectException: Connection refused: connect
	at java.net.PlainSocketImpl.waitForConnect(Native Method) ~[?:?]
	at java.net.PlainSocketImpl.socketConnect(PlainSocketImpl.java:107) ~[?:?]
	at java.net.AbstractPlainSocketImpl.doConnect(AbstractPlainSocketImpl.java:399) ~[?:?]
	at java.net.AbstractPlainSocketImpl.connectToAddress(AbstractPlainSocketImpl.java:242) ~[?:?]
	at java.net.AbstractPlainSocketImpl.connect(AbstractPlainSocketImpl.java:224) ~[?:?]
	at java.net.SocksSocketImpl.connect(SocksSocketImpl.java:392) ~[?:?]
	at java.net.Socket.connect(Socket.java:609) ~[?:?]
	at com.mongodb.internal.connection.SocketStreamHelper.initialize(SocketStreamHelper.java:64) ~[mongo-java-driver-3.12.8.jar:?]
	at com.mongodb.internal.connection.SocketStream.initializeSocket(SocketStream.java:79) ~[mongo-java-driver-3.12.8.jar:?]
	at com.mongodb.internal.connection.SocketStream.open(SocketStream.java:65) ~[mongo-java-driver-3.12.8.jar:?]
	... 3 more
2022-07-07 10:12:15,133 [INFO] o.m.d.connection {cluster-ClusterId{value='62c6640d524b23186698370e', description='null'}-localhost:27017} Opened connection [connectionId{localValue:11, serverValue:1}] to localhost:27017
2022-07-07 10:12:15,138 [INFO] o.m.d.cluster {cluster-ClusterId{value='62c6640d524b23186698370e', description='null'}-localhost:27017} Monitor thread successfully connected to server with description ServerDescription{address=localhost:27017, type=STANDALONE, state=CONNECTED, ok=true, version=ServerVersion{versionList=[4, 0, 23]}, minWireVersion=0, maxWireVersion=7, maxDocumentSize=16777216, logicalSessionTimeoutMinutes=30, roundTripTimeNanos=3162800}
2022-07-07 10:12:15,156 [INFO] o.m.d.connection {RMI TCP Connection(3)-192.168.0.192} Opened connection [connectionId{localValue:12, serverValue:2}] to localhost:27017
2022-07-07 10:12:16,076 [INFO] o.s.s.c.ThreadPoolTaskExecutor {Thread-11} Shutting down ExecutorService 'applicationTaskExecutor'
2022-07-07 10:12:21,133 [INFO] c.t.TweetAppApiApplication {restartedMain} Starting TweetAppApiApplication on DESKTOP-0GESMLH with PID 8240 (started by 888245 in C:\Users\888245\git\FINAL VERSION TWEETAPP\tweet_app_api_service)
2022-07-07 10:12:21,138 [DEBUG] c.t.TweetAppApiApplication {restartedMain} Running with Spring Boot v2.1.2.RELEASE, Spring v5.1.4.RELEASE
2022-07-07 10:12:21,139 [INFO] c.t.TweetAppApiApplication {restartedMain} No active profile set, falling back to default profiles: default
2022-07-07 10:12:21,172 [INFO] o.s.b.d.e.DevToolsPropertyDefaultsPostProcessor {restartedMain} Devtools property defaults active! Set 'spring.devtools.add-properties' to 'false' to disable
2022-07-07 10:12:21,172 [INFO] o.s.b.d.e.DevToolsPropertyDefaultsPostProcessor {restartedMain} For additional web related logging consider setting the 'logging.level.web' property to 'DEBUG'
2022-07-07 10:12:21,994 [INFO] o.s.d.r.c.RepositoryConfigurationDelegate {restartedMain} Bootstrapping Spring Data repositories in DEFAULT mode.
2022-07-07 10:12:22,058 [INFO] o.s.d.r.c.RepositoryConfigurationDelegate {restartedMain} Finished Spring Data repository scanning in 61ms. Found 2 repository interfaces.
2022-07-07 10:12:22,570 [INFO] o.s.b.w.e.t.TomcatWebServer {restartedMain} Tomcat initialized with port(s): 8682 (http)
2022-07-07 10:12:22,590 [INFO] o.a.c.c.StandardService {restartedMain} Starting service [Tomcat]
2022-07-07 10:12:22,591 [INFO] o.a.c.c.StandardEngine {restartedMain} Starting Servlet engine: [Apache Tomcat/9.0.14]
2022-07-07 10:12:22,597 [INFO] o.a.c.c.AprLifecycleListener {restartedMain} The APR based Apache Tomcat Native library which allows optimal performance in production environments was not found on the java.library.path: [C:\Program Files\Eclipse Foundation\jdk-11.0.12.7-hotspot\bin;C:\Windows\Sun\Java\bin;C:\Windows\system32;C:\Windows;C:\Python310\Scripts\;C:\Python310\;C:\Program Files (x86)\Common Files\Oracle\Java\javapath;C:\Windows\system32;C:\Windows;C:\Windows\System32\Wbem;C:\Windows\System32\WindowsPowerShell\v1.0\;C:\Windows\System32\OpenSSH\;C:\Program Files (x86)\NVIDIA Corporation\PhysX\Common;C:\Program Files\WindowsPowerShell\Scripts;C:\Program Files\Docker\Docker\resources\bin;C:\ProgramData\DockerDesktop\version-bin;C:\Program Files\Java\jdk1.8.0_261\bin;C:\Program Files\Git\cmd;C:\Program Files\nodejs\;C:\ProgramData\chocolatey\bin;C:\webdrivers;C:\Program Files\Java\jdk1.8.0_261\bin;C:\Users\888245\AppData\Local\Programs\Git\cmd;C:\Program Files\IntelliJ IDEA Community Edition 2021.1.3\bin;;C:\Users\888245\AppData\Local\Programs\Microsoft VS Code\bin;C:\Users\888245\AppData\Roaming\npm;.]
2022-07-07 10:12:22,698 [INFO] o.a.c.c.C.[.[.[.0] {restartedMain} Initializing Spring embedded WebApplicationContext
2022-07-07 10:12:22,698 [INFO] o.s.w.c.ContextLoader {restartedMain} Root WebApplicationContext: initialization completed in 1525 ms
2022-07-07 10:12:22,877 [DEBUG] c.t.c.m.MongoDbConfig {restartedMain} Initializing MongoDB uri: mongodb://localhost:27017
2022-07-07 10:12:23,022 [INFO] o.m.d.cluster {restartedMain} Cluster created with settings {hosts=[localhost:27017], mode=SINGLE, requiredClusterType=UNKNOWN, serverSelectionTimeout='30000 ms', maxWaitQueueSize=500}
2022-07-07 10:12:23,046 [INFO] c.t.c.m.MongoDbConfig {restartedMain} Database Name: 'tweet_app'
2022-07-07 10:12:23,068 [INFO] o.m.d.connection {cluster-ClusterId{value='62c6642fd2ed4e2a2ac57fc7', description='null'}-localhost:27017} Opened connection [connectionId{localValue:1, serverValue:3}] to localhost:27017
2022-07-07 10:12:23,073 [INFO] o.m.d.cluster {cluster-ClusterId{value='62c6642fd2ed4e2a2ac57fc7', description='null'}-localhost:27017} Monitor thread successfully connected to server with description ServerDescription{address=localhost:27017, type=STANDALONE, state=CONNECTED, ok=true, version=ServerVersion{versionList=[4, 0, 23]}, minWireVersion=0, maxWireVersion=7, maxDocumentSize=16777216, logicalSessionTimeoutMinutes=30, roundTripTimeNanos=2394400}
2022-07-07 10:12:23,229 [INFO] o.s.b.d.a.OptionalLiveReloadServer {restartedMain} LiveReload server is running on port 35729
2022-07-07 10:12:23,486 [INFO] o.s.s.w.DefaultSecurityFilterChain {restartedMain} Creating filter chain: any request, [org.springframework.security.web.context.request.async.WebAsyncManagerIntegrationFilter@4bee2737, org.springframework.security.web.context.SecurityContextPersistenceFilter@4040d0fa, org.springframework.security.web.header.HeaderWriterFilter@3d9b7afa, org.springframework.security.web.authentication.logout.LogoutFilter@3a739551, org.springframework.security.web.savedrequest.RequestCacheAwareFilter@7a879bbd, org.springframework.security.web.servletapi.SecurityContextHolderAwareRequestFilter@7a6b7b45, org.springframework.security.web.authentication.AnonymousAuthenticationFilter@62b87731, org.springframework.security.web.session.SessionManagementFilter@3284941e, org.springframework.security.web.access.ExceptionTranslationFilter@2bb910c9, org.springframework.security.web.access.intercept.FilterSecurityInterceptor@28fe4aef]
2022-07-07 10:12:23,621 [INFO] o.s.s.c.ThreadPoolTaskExecutor {restartedMain} Initializing ExecutorService 'applicationTaskExecutor'
2022-07-07 10:12:24,026 [INFO] o.s.b.w.e.t.TomcatWebServer {restartedMain} Tomcat initialized with port(s): 8071 (http)
2022-07-07 10:12:24,027 [INFO] o.a.c.c.StandardService {restartedMain} Starting service [Tomcat]
2022-07-07 10:12:24,028 [INFO] o.a.c.c.StandardEngine {restartedMain} Starting Servlet engine: [Apache Tomcat/9.0.14]
2022-07-07 10:12:24,059 [INFO] o.a.c.c.C.[.[.[/] {restartedMain} Initializing Spring embedded WebApplicationContext
2022-07-07 10:12:24,059 [INFO] o.s.w.c.ContextLoader {restartedMain} Root WebApplicationContext: initialization completed in 115 ms
2022-07-07 10:12:24,075 [INFO] o.s.b.a.e.w.EndpointLinksResolver {restartedMain} Exposing 18 endpoint(s) beneath base path '/insights'
2022-07-07 10:12:24,133 [INFO] o.s.b.w.e.t.TomcatWebServer {restartedMain} Tomcat started on port(s): 8071 (http) with context path ''
2022-07-07 10:12:24,145 [INFO] o.s.b.w.e.t.TomcatWebServer {restartedMain} Tomcat started on port(s): 8682 (http) with context path '/api/v1.0'
2022-07-07 10:12:24,146 [INFO] c.t.TweetAppApiApplication {restartedMain} Started TweetAppApiApplication in 3.354 seconds (JVM running for 4.92)
2022-07-07 10:12:25,033 [INFO] o.a.c.c.C.[.[.[.0] {RMI TCP Connection(3)-192.168.0.192} Initializing Spring DispatcherServlet 'dispatcherServlet'
2022-07-07 10:12:25,034 [INFO] o.s.w.s.DispatcherServlet {RMI TCP Connection(3)-192.168.0.192} Initializing Servlet 'dispatcherServlet'
2022-07-07 10:12:25,041 [INFO] o.s.w.s.DispatcherServlet {RMI TCP Connection(3)-192.168.0.192} Completed initialization in 7 ms
2022-07-07 10:12:25,065 [INFO] o.m.d.connection {RMI TCP Connection(2)-192.168.0.192} Opened connection [connectionId{localValue:2, serverValue:4}] to localhost:27017
2022-07-07 10:12:46,175 [INFO] o.s.s.c.ThreadPoolTaskExecutor {Thread-11} Shutting down ExecutorService 'applicationTaskExecutor'
