2022-07-14 23:03:11,566 [INFO] com.tweetapp.TweetAppApiApplication {restartedMain} Starting TweetAppApiApplication on DESKTOP-0GESMLH with PID 1036 (started by 888245 in C:\Users\888245\git\FINAL VERSION TWEETAPP\tweet_app_api_service)
2022-07-14 23:03:11,703 [DEBUG] com.tweetapp.TweetAppApiApplication {restartedMain} Running with Spring Boot v2.1.2.RELEASE, Spring v5.1.4.RELEASE
2022-07-14 23:03:11,704 [INFO] com.tweetapp.TweetAppApiApplication {restartedMain} No active profile set, falling back to default profiles: default
2022-07-14 23:03:11,741 [INFO] org.springframework.boot.devtools.env.DevToolsPropertyDefaultsPostProcessor {restartedMain} Devtools property defaults active! Set 'spring.devtools.add-properties' to 'false' to disable
2022-07-14 23:03:11,742 [INFO] org.springframework.boot.devtools.env.DevToolsPropertyDefaultsPostProcessor {restartedMain} For additional web related logging consider setting the 'logging.level.web' property to 'DEBUG'
2022-07-14 23:03:12,868 [INFO] org.springframework.data.repository.config.RepositoryConfigurationDelegate {restartedMain} Bootstrapping Spring Data repositories in DEFAULT mode.
2022-07-14 23:03:12,937 [INFO] org.springframework.data.repository.config.RepositoryConfigurationDelegate {restartedMain} Finished Spring Data repository scanning in 66ms. Found 2 repository interfaces.
2022-07-14 23:03:13,473 [INFO] org.springframework.boot.web.embedded.tomcat.TomcatWebServer {restartedMain} Tomcat initialized with port(s): 8682 (http)
2022-07-14 23:03:13,492 [INFO] org.apache.catalina.core.StandardService {restartedMain} Starting service [Tomcat]
2022-07-14 23:03:13,492 [INFO] org.apache.catalina.core.StandardEngine {restartedMain} Starting Servlet engine: [Apache Tomcat/9.0.14]
2022-07-14 23:03:13,497 [INFO] org.apache.catalina.core.AprLifecycleListener {restartedMain} The APR based Apache Tomcat Native library which allows optimal performance in production environments was not found on the java.library.path: [C:\Program Files\Eclipse Foundation\jdk-11.0.12.7-hotspot\bin;C:\Windows\Sun\Java\bin;C:\Windows\system32;C:\Windows;C:\Python310\Scripts\;C:\Python310\;C:\Program Files (x86)\Common Files\Oracle\Java\javapath;C:\Windows\system32;C:\Windows;C:\Windows\System32\Wbem;C:\Windows\System32\WindowsPowerShell\v1.0\;C:\Windows\System32\OpenSSH\;C:\Program Files (x86)\NVIDIA Corporation\PhysX\Common;C:\Program Files\WindowsPowerShell\Scripts;C:\Program Files\Java\jdk1.8.0_261\bin;C:\Program Files\Git\cmd;C:\Program Files\nodejs\;C:\ProgramData\chocolatey\bin;C:\webdrivers;C:\Program Files\Java\jdk1.8.0_261\bin;C:\Users\888245\AppData\Local\Programs\Git\cmd;C:\Program Files\IntelliJ IDEA Community Edition 2021.1.3\bin;;C:\Users\888245\AppData\Local\Programs\Microsoft VS Code\bin;C:\Users\888245\AppData\Roaming\npm;.]
2022-07-14 23:03:13,595 [INFO] org.apache.catalina.core.ContainerBase.[Tomcat].[localhost].[/api/v1.0] {restartedMain} Initializing Spring embedded WebApplicationContext
2022-07-14 23:03:13,595 [INFO] org.springframework.web.context.ContextLoader {restartedMain} Root WebApplicationContext: initialization completed in 1853 ms
2022-07-14 23:03:13,642 [ERROR] org.springframework.boot.web.embedded.tomcat.TomcatStarter {restartedMain} Error starting Tomcat context. Exception: org.springframework.beans.factory.UnsatisfiedDependencyException. Message: Error creating bean with name 'webMvcMetricsFilter' defined in class path resource [org/springframework/boot/actuate/autoconfigure/metrics/web/servlet/WebMvcMetricsAutoConfiguration.class]: Unsatisfied dependency expressed through method 'webMvcMetricsFilter' parameter 0; nested exception is org.springframework.beans.factory.BeanCreationException: Error creating bean with name 'prometheusMeterRegistry' defined in class path resource [org/springframework/boot/actuate/autoconfigure/metrics/export/prometheus/PrometheusMetricsExportAutoConfiguration.class]: Initialization of bean failed; nested exception is org.springframework.beans.factory.UnsatisfiedDependencyException: Error creating bean with name 'micrometerConfig' defined in file [C:\Users\888245\git\FINAL VERSION TWEETAPP\tweet_app_api_service\target\classes\com\tweetapp\configs\metrics\MicrometerConfig.class]: Unsatisfied dependency expressed through constructor parameter 0; nested exception is org.springframework.beans.factory.NoSuchBeanDefinitionException: No qualifying bean of type 'org.springframework.boot.info.BuildProperties' available: expected at least 1 bean which qualifies as autowire candidate. Dependency annotations: {}
2022-07-14 23:03:13,658 [INFO] org.apache.catalina.core.StandardService {restartedMain} Stopping service [Tomcat]
2022-07-14 23:03:13,664 [WARN] org.springframework.boot.web.servlet.context.AnnotationConfigServletWebServerApplicationContext {restartedMain} Exception encountered during context initialization - cancelling refresh attempt: org.springframework.context.ApplicationContextException: Unable to start web server; nested exception is org.springframework.boot.web.server.WebServerException: Unable to start embedded Tomcat
2022-07-14 23:03:13,674 [INFO] org.springframework.boot.autoconfigure.logging.ConditionEvaluationReportLoggingListener {restartedMain} 

Error starting ApplicationContext. To display the conditions report re-run your application with 'debug' enabled.
2022-07-14 23:03:13,964 [ERROR] org.springframework.boot.diagnostics.LoggingFailureAnalysisReporter {restartedMain} 

***************************
APPLICATION FAILED TO START
***************************

Description:

Parameter 0 of constructor in com.tweetapp.configs.metrics.MicrometerConfig required a bean of type 'org.springframework.boot.info.BuildProperties' that could not be found.

The following candidates were found but could not be injected:
	- Bean method 'buildProperties' in 'ProjectInfoAutoConfiguration' not loaded because @ConditionalOnResource did not find resource '${spring.info.build.location:classpath:META-INF/build-info.properties}'


Action:

Consider revisiting the entries above or defining a bean of type 'org.springframework.boot.info.BuildProperties' in your configuration.

2022-07-14 23:04:40,148 [INFO] com.tweetapp.TweetAppApiApplication {restartedMain} Starting TweetAppApiApplication on DESKTOP-0GESMLH with PID 32440 (started by 888245 in C:\Users\888245\git\FINAL VERSION TWEETAPP\tweet_app_api_service)
2022-07-14 23:04:40,148 [DEBUG] com.tweetapp.TweetAppApiApplication {restartedMain} Running with Spring Boot v2.1.2.RELEASE, Spring v5.1.4.RELEASE
2022-07-14 23:04:40,149 [INFO] com.tweetapp.TweetAppApiApplication {restartedMain} No active profile set, falling back to default profiles: default
2022-07-14 23:04:40,197 [INFO] org.springframework.boot.devtools.env.DevToolsPropertyDefaultsPostProcessor {restartedMain} Devtools property defaults active! Set 'spring.devtools.add-properties' to 'false' to disable
2022-07-14 23:04:40,197 [INFO] org.springframework.boot.devtools.env.DevToolsPropertyDefaultsPostProcessor {restartedMain} For additional web related logging consider setting the 'logging.level.web' property to 'DEBUG'
2022-07-14 23:04:41,385 [INFO] org.springframework.data.repository.config.RepositoryConfigurationDelegate {restartedMain} Bootstrapping Spring Data repositories in DEFAULT mode.
2022-07-14 23:04:41,447 [INFO] org.springframework.data.repository.config.RepositoryConfigurationDelegate {restartedMain} Finished Spring Data repository scanning in 59ms. Found 2 repository interfaces.
2022-07-14 23:04:41,993 [INFO] org.springframework.boot.web.embedded.tomcat.TomcatWebServer {restartedMain} Tomcat initialized with port(s): 8682 (http)
2022-07-14 23:04:42,014 [INFO] org.apache.catalina.core.StandardService {restartedMain} Starting service [Tomcat]
2022-07-14 23:04:42,014 [INFO] org.apache.catalina.core.StandardEngine {restartedMain} Starting Servlet engine: [Apache Tomcat/9.0.14]
2022-07-14 23:04:42,019 [INFO] org.apache.catalina.core.AprLifecycleListener {restartedMain} The APR based Apache Tomcat Native library which allows optimal performance in production environments was not found on the java.library.path: [C:\Program Files\Eclipse Foundation\jdk-11.0.12.7-hotspot\bin;C:\Windows\Sun\Java\bin;C:\Windows\system32;C:\Windows;C:\Python310\Scripts\;C:\Python310\;C:\Program Files (x86)\Common Files\Oracle\Java\javapath;C:\Windows\system32;C:\Windows;C:\Windows\System32\Wbem;C:\Windows\System32\WindowsPowerShell\v1.0\;C:\Windows\System32\OpenSSH\;C:\Program Files (x86)\NVIDIA Corporation\PhysX\Common;C:\Program Files\WindowsPowerShell\Scripts;C:\Program Files\Java\jdk1.8.0_261\bin;C:\Program Files\Git\cmd;C:\Program Files\nodejs\;C:\ProgramData\chocolatey\bin;C:\webdrivers;C:\Program Files\Java\jdk1.8.0_261\bin;C:\Users\888245\AppData\Local\Programs\Git\cmd;C:\Program Files\IntelliJ IDEA Community Edition 2021.1.3\bin;;C:\Users\888245\AppData\Local\Programs\Microsoft VS Code\bin;C:\Users\888245\AppData\Roaming\npm;.]
2022-07-14 23:04:42,125 [INFO] org.apache.catalina.core.ContainerBase.[Tomcat].[localhost].[/api/v1.0] {restartedMain} Initializing Spring embedded WebApplicationContext
2022-07-14 23:04:42,126 [INFO] org.springframework.web.context.ContextLoader {restartedMain} Root WebApplicationContext: initialization completed in 1929 ms
2022-07-14 23:04:42,180 [ERROR] org.springframework.boot.web.embedded.tomcat.TomcatStarter {restartedMain} Error starting Tomcat context. Exception: org.springframework.beans.factory.UnsatisfiedDependencyException. Message: Error creating bean with name 'webMvcMetricsFilter' defined in class path resource [org/springframework/boot/actuate/autoconfigure/metrics/web/servlet/WebMvcMetricsAutoConfiguration.class]: Unsatisfied dependency expressed through method 'webMvcMetricsFilter' parameter 0; nested exception is org.springframework.beans.factory.BeanCreationException: Error creating bean with name 'prometheusMeterRegistry' defined in class path resource [org/springframework/boot/actuate/autoconfigure/metrics/export/prometheus/PrometheusMetricsExportAutoConfiguration.class]: Initialization of bean failed; nested exception is org.springframework.beans.factory.UnsatisfiedDependencyException: Error creating bean with name 'micrometerConfig' defined in file [C:\Users\888245\git\FINAL VERSION TWEETAPP\tweet_app_api_service\target\classes\com\tweetapp\configs\metrics\MicrometerConfig.class]: Unsatisfied dependency expressed through constructor parameter 0; nested exception is org.springframework.beans.factory.NoSuchBeanDefinitionException: No qualifying bean of type 'org.springframework.boot.info.BuildProperties' available: expected at least 1 bean which qualifies as autowire candidate. Dependency annotations: {}
2022-07-14 23:04:42,199 [INFO] org.apache.catalina.core.StandardService {restartedMain} Stopping service [Tomcat]
2022-07-14 23:04:42,204 [WARN] org.springframework.boot.web.servlet.context.AnnotationConfigServletWebServerApplicationContext {restartedMain} Exception encountered during context initialization - cancelling refresh attempt: org.springframework.context.ApplicationContextException: Unable to start web server; nested exception is org.springframework.boot.web.server.WebServerException: Unable to start embedded Tomcat
2022-07-14 23:04:42,214 [INFO] org.springframework.boot.autoconfigure.logging.ConditionEvaluationReportLoggingListener {restartedMain} 

Error starting ApplicationContext. To display the conditions report re-run your application with 'debug' enabled.
2022-07-14 23:04:42,443 [ERROR] org.springframework.boot.diagnostics.LoggingFailureAnalysisReporter {restartedMain} 

***************************
APPLICATION FAILED TO START
***************************

Description:

Parameter 0 of constructor in com.tweetapp.configs.metrics.MicrometerConfig required a bean of type 'org.springframework.boot.info.BuildProperties' that could not be found.

The following candidates were found but could not be injected:
	- Bean method 'buildProperties' in 'ProjectInfoAutoConfiguration' not loaded because @ConditionalOnResource did not find resource '${spring.info.build.location:classpath:META-INF/build-info.properties}'


Action:

Consider revisiting the entries above or defining a bean of type 'org.springframework.boot.info.BuildProperties' in your configuration.

2022-07-14 23:06:26,088 [INFO] com.tweetapp.TweetAppApiApplication {restartedMain} Starting TweetAppApiApplication on DESKTOP-0GESMLH with PID 24192 (started by 888245 in C:\Users\888245\git\FINAL VERSION TWEETAPP\tweet_app_api_service)
2022-07-14 23:06:26,088 [DEBUG] com.tweetapp.TweetAppApiApplication {restartedMain} Running with Spring Boot v2.1.2.RELEASE, Spring v5.1.4.RELEASE
2022-07-14 23:06:26,089 [INFO] com.tweetapp.TweetAppApiApplication {restartedMain} No active profile set, falling back to default profiles: default
2022-07-14 23:06:26,141 [INFO] org.springframework.boot.devtools.env.DevToolsPropertyDefaultsPostProcessor {restartedMain} Devtools property defaults active! Set 'spring.devtools.add-properties' to 'false' to disable
2022-07-14 23:06:26,141 [INFO] org.springframework.boot.devtools.env.DevToolsPropertyDefaultsPostProcessor {restartedMain} For additional web related logging consider setting the 'logging.level.web' property to 'DEBUG'
2022-07-14 23:06:27,434 [INFO] org.springframework.data.repository.config.RepositoryConfigurationDelegate {restartedMain} Bootstrapping Spring Data repositories in DEFAULT mode.
2022-07-14 23:06:27,503 [INFO] org.springframework.data.repository.config.RepositoryConfigurationDelegate {restartedMain} Finished Spring Data repository scanning in 65ms. Found 2 repository interfaces.
2022-07-14 23:06:28,125 [INFO] org.springframework.boot.web.embedded.tomcat.TomcatWebServer {restartedMain} Tomcat initialized with port(s): 8682 (http)
2022-07-14 23:06:28,150 [INFO] org.apache.catalina.core.StandardService {restartedMain} Starting service [Tomcat]
2022-07-14 23:06:28,151 [INFO] org.apache.catalina.core.StandardEngine {restartedMain} Starting Servlet engine: [Apache Tomcat/9.0.14]
2022-07-14 23:06:28,157 [INFO] org.apache.catalina.core.AprLifecycleListener {restartedMain} The APR based Apache Tomcat Native library which allows optimal performance in production environments was not found on the java.library.path: [C:\Program Files\Eclipse Foundation\jdk-11.0.12.7-hotspot\bin;C:\Windows\Sun\Java\bin;C:\Windows\system32;C:\Windows;C:\Python310\Scripts\;C:\Python310\;C:\Program Files (x86)\Common Files\Oracle\Java\javapath;C:\Windows\system32;C:\Windows;C:\Windows\System32\Wbem;C:\Windows\System32\WindowsPowerShell\v1.0\;C:\Windows\System32\OpenSSH\;C:\Program Files (x86)\NVIDIA Corporation\PhysX\Common;C:\Program Files\WindowsPowerShell\Scripts;C:\Program Files\Java\jdk1.8.0_261\bin;C:\Program Files\Git\cmd;C:\Program Files\nodejs\;C:\ProgramData\chocolatey\bin;C:\webdrivers;C:\Program Files\Java\jdk1.8.0_261\bin;C:\Users\888245\AppData\Local\Programs\Git\cmd;C:\Program Files\IntelliJ IDEA Community Edition 2021.1.3\bin;;C:\Users\888245\AppData\Local\Programs\Microsoft VS Code\bin;C:\Users\888245\AppData\Roaming\npm;.]
2022-07-14 23:06:28,377 [INFO] org.apache.catalina.core.ContainerBase.[Tomcat].[localhost].[/api/v1.0] {restartedMain} Initializing Spring embedded WebApplicationContext
2022-07-14 23:06:28,378 [INFO] org.springframework.web.context.ContextLoader {restartedMain} Root WebApplicationContext: initialization completed in 2237 ms
2022-07-14 23:06:28,599 [DEBUG] com.tweetapp.configs.mongodb.MongoDbConfig {restartedMain} Initializing MongoDB uri: mongodb://localhost:27017
2022-07-14 23:06:28,751 [INFO] org.mongodb.driver.cluster {restartedMain} Cluster created with settings {hosts=[localhost:27017], mode=SINGLE, requiredClusterType=UNKNOWN, serverSelectionTimeout='30000 ms', maxWaitQueueSize=500}
2022-07-14 23:06:28,778 [INFO] com.tweetapp.configs.mongodb.MongoDbConfig {restartedMain} Database Name: 'tweet_app_service'
2022-07-14 23:06:28,799 [INFO] org.mongodb.driver.connection {cluster-ClusterId{value='62d0541c90b6ab03ec9c073d', description='null'}-localhost:27017} Opened connection [connectionId{localValue:1, serverValue:1}] to localhost:27017
2022-07-14 23:06:28,804 [INFO] org.mongodb.driver.cluster {cluster-ClusterId{value='62d0541c90b6ab03ec9c073d', description='null'}-localhost:27017} Monitor thread successfully connected to server with description ServerDescription{address=localhost:27017, type=STANDALONE, state=CONNECTED, ok=true, version=ServerVersion{versionList=[4, 0, 23]}, minWireVersion=0, maxWireVersion=7, maxDocumentSize=16777216, logicalSessionTimeoutMinutes=30, roundTripTimeNanos=2506900}
2022-07-14 23:06:28,976 [INFO] org.springframework.boot.devtools.autoconfigure.OptionalLiveReloadServer {restartedMain} LiveReload server is running on port 35729
2022-07-14 23:06:29,513 [INFO] org.springframework.security.web.DefaultSecurityFilterChain {restartedMain} Creating filter chain: any request, [org.springframework.security.web.context.request.async.WebAsyncManagerIntegrationFilter@390c02fd, org.springframework.security.web.context.SecurityContextPersistenceFilter@7ac52985, org.springframework.security.web.header.HeaderWriterFilter@48af57f7, org.springframework.security.web.authentication.logout.LogoutFilter@3154b176, org.springframework.security.web.savedrequest.RequestCacheAwareFilter@5ebb2eb, org.springframework.security.web.servletapi.SecurityContextHolderAwareRequestFilter@92cb72b, org.springframework.security.web.authentication.AnonymousAuthenticationFilter@4fa22b71, org.springframework.security.web.session.SessionManagementFilter@3242b1, org.springframework.security.web.access.ExceptionTranslationFilter@6af49108, org.springframework.security.web.access.intercept.FilterSecurityInterceptor@34e7f3b6]
2022-07-14 23:06:29,532 [INFO] springfox.documentation.spring.web.PropertySourcedRequestMappingHandlerMapping {restartedMain} Mapped URL path [/v2/api-docs] onto method [public org.springframework.http.ResponseEntity<springfox.documentation.spring.web.json.Json> springfox.documentation.swagger2.web.Swagger2Controller.getDocumentation(java.lang.String,javax.servlet.http.HttpServletRequest)]
2022-07-14 23:06:29,647 [INFO] org.springframework.scheduling.concurrent.ThreadPoolTaskExecutor {restartedMain} Initializing ExecutorService 'applicationTaskExecutor'
2022-07-14 23:06:30,170 [INFO] org.springframework.boot.web.embedded.tomcat.TomcatWebServer {restartedMain} Tomcat initialized with port(s): 8071 (http)
2022-07-14 23:06:30,171 [INFO] org.apache.catalina.core.StandardService {restartedMain} Starting service [Tomcat]
2022-07-14 23:06:30,171 [INFO] org.apache.catalina.core.StandardEngine {restartedMain} Starting Servlet engine: [Apache Tomcat/9.0.14]
2022-07-14 23:06:30,205 [INFO] org.apache.catalina.core.ContainerBase.[Tomcat-1].[localhost].[/] {restartedMain} Initializing Spring embedded WebApplicationContext
2022-07-14 23:06:30,205 [INFO] org.springframework.web.context.ContextLoader {restartedMain} Root WebApplicationContext: initialization completed in 146 ms
2022-07-14 23:06:30,224 [INFO] org.springframework.boot.actuate.endpoint.web.EndpointLinksResolver {restartedMain} Exposing 18 endpoint(s) beneath base path '/insights'
2022-07-14 23:06:30,290 [INFO] org.springframework.boot.web.embedded.tomcat.TomcatWebServer {restartedMain} Tomcat started on port(s): 8071 (http) with context path ''
2022-07-14 23:06:30,293 [INFO] springfox.documentation.spring.web.plugins.DocumentationPluginsBootstrapper {restartedMain} Context refreshed
2022-07-14 23:06:30,311 [INFO] springfox.documentation.spring.web.plugins.DocumentationPluginsBootstrapper {restartedMain} Found 1 custom documentation plugin(s)
2022-07-14 23:06:30,339 [INFO] springfox.documentation.spring.web.scanners.ApiListingReferenceScanner {restartedMain} Scanning for api listing references
2022-07-14 23:06:30,525 [INFO] org.springframework.boot.web.embedded.tomcat.TomcatWebServer {restartedMain} Tomcat started on port(s): 8682 (http) with context path '/api/v1.0'
2022-07-14 23:06:30,527 [INFO] com.tweetapp.TweetAppApiApplication {restartedMain} Started TweetAppApiApplication in 4.804 seconds (JVM running for 5.963)
2022-07-14 23:06:31,734 [INFO] org.apache.catalina.core.ContainerBase.[Tomcat].[localhost].[/api/v1.0] {RMI TCP Connection(2)-192.168.0.192} Initializing Spring DispatcherServlet 'dispatcherServlet'
2022-07-14 23:06:31,735 [INFO] org.springframework.web.servlet.DispatcherServlet {RMI TCP Connection(2)-192.168.0.192} Initializing Servlet 'dispatcherServlet'
2022-07-14 23:06:31,743 [INFO] org.springframework.web.servlet.DispatcherServlet {RMI TCP Connection(2)-192.168.0.192} Completed initialization in 8 ms
2022-07-14 23:06:31,770 [INFO] org.mongodb.driver.connection {RMI TCP Connection(3)-192.168.0.192} Opened connection [connectionId{localValue:2, serverValue:2}] to localhost:27017
2022-07-14 23:06:35,409 [INFO] org.springframework.scheduling.concurrent.ThreadPoolTaskExecutor {Thread-11} Shutting down ExecutorService 'applicationTaskExecutor'
2022-07-14 23:11:45,402 [INFO] com.tweetapp.TweetAppApiApplication {restartedMain} Starting TweetAppApiApplication on DESKTOP-0GESMLH with PID 30228 (started by 888245 in C:\Users\888245\git\FINAL VERSION TWEETAPP\tweet_app_api_service)
2022-07-14 23:11:45,402 [DEBUG] com.tweetapp.TweetAppApiApplication {restartedMain} Running with Spring Boot v2.1.2.RELEASE, Spring v5.1.4.RELEASE
2022-07-14 23:11:45,402 [INFO] com.tweetapp.TweetAppApiApplication {restartedMain} No active profile set, falling back to default profiles: default
2022-07-14 23:11:45,439 [INFO] org.springframework.boot.devtools.env.DevToolsPropertyDefaultsPostProcessor {restartedMain} Devtools property defaults active! Set 'spring.devtools.add-properties' to 'false' to disable
2022-07-14 23:11:45,439 [INFO] org.springframework.boot.devtools.env.DevToolsPropertyDefaultsPostProcessor {restartedMain} For additional web related logging consider setting the 'logging.level.web' property to 'DEBUG'
2022-07-14 23:11:46,836 [INFO] org.springframework.data.repository.config.RepositoryConfigurationDelegate {restartedMain} Bootstrapping Spring Data repositories in DEFAULT mode.
2022-07-14 23:11:46,906 [INFO] org.springframework.data.repository.config.RepositoryConfigurationDelegate {restartedMain} Finished Spring Data repository scanning in 65ms. Found 2 repository interfaces.
2022-07-14 23:11:47,432 [INFO] org.springframework.boot.web.embedded.tomcat.TomcatWebServer {restartedMain} Tomcat initialized with port(s): 8682 (http)
2022-07-14 23:11:47,452 [INFO] org.apache.catalina.core.StandardService {restartedMain} Starting service [Tomcat]
2022-07-14 23:11:47,452 [INFO] org.apache.catalina.core.StandardEngine {restartedMain} Starting Servlet engine: [Apache Tomcat/9.0.14]
2022-07-14 23:11:47,457 [INFO] org.apache.catalina.core.AprLifecycleListener {restartedMain} The APR based Apache Tomcat Native library which allows optimal performance in production environments was not found on the java.library.path: [C:\Program Files\Eclipse Foundation\jdk-11.0.12.7-hotspot\bin;C:\Windows\Sun\Java\bin;C:\Windows\system32;C:\Windows;C:\Python310\Scripts\;C:\Python310\;C:\Program Files (x86)\Common Files\Oracle\Java\javapath;C:\Windows\system32;C:\Windows;C:\Windows\System32\Wbem;C:\Windows\System32\WindowsPowerShell\v1.0\;C:\Windows\System32\OpenSSH\;C:\Program Files (x86)\NVIDIA Corporation\PhysX\Common;C:\Program Files\WindowsPowerShell\Scripts;C:\Program Files\Java\jdk1.8.0_261\bin;C:\Program Files\Git\cmd;C:\Program Files\nodejs\;C:\ProgramData\chocolatey\bin;C:\webdrivers;C:\Program Files\Java\jdk1.8.0_261\bin;C:\Users\888245\AppData\Local\Programs\Git\cmd;C:\Program Files\IntelliJ IDEA Community Edition 2021.1.3\bin;;C:\Users\888245\AppData\Local\Programs\Microsoft VS Code\bin;C:\Users\888245\AppData\Roaming\npm;.]
2022-07-14 23:11:47,554 [INFO] org.apache.catalina.core.ContainerBase.[Tomcat].[localhost].[/] {restartedMain} Initializing Spring embedded WebApplicationContext
2022-07-14 23:11:47,555 [INFO] org.springframework.web.context.ContextLoader {restartedMain} Root WebApplicationContext: initialization completed in 2115 ms
2022-07-14 23:11:47,739 [DEBUG] com.tweetapp.configs.mongodb.MongoDbConfig {restartedMain} Initializing MongoDB uri: mongodb://localhost:27017
2022-07-14 23:11:47,876 [INFO] org.mongodb.driver.cluster {restartedMain} Cluster created with settings {hosts=[localhost:27017], mode=SINGLE, requiredClusterType=UNKNOWN, serverSelectionTimeout='30000 ms', maxWaitQueueSize=500}
2022-07-14 23:11:47,900 [INFO] com.tweetapp.configs.mongodb.MongoDbConfig {restartedMain} Database Name: 'tweet_app_service'
2022-07-14 23:11:47,917 [INFO] org.mongodb.driver.connection {cluster-ClusterId{value='62d0555b1f011f2669ed0add', description='null'}-localhost:27017} Opened connection [connectionId{localValue:1, serverValue:3}] to localhost:27017
2022-07-14 23:11:47,925 [INFO] org.mongodb.driver.cluster {cluster-ClusterId{value='62d0555b1f011f2669ed0add', description='null'}-localhost:27017} Monitor thread successfully connected to server with description ServerDescription{address=localhost:27017, type=STANDALONE, state=CONNECTED, ok=true, version=ServerVersion{versionList=[4, 0, 23]}, minWireVersion=0, maxWireVersion=7, maxDocumentSize=16777216, logicalSessionTimeoutMinutes=30, roundTripTimeNanos=2802500}
2022-07-14 23:11:48,082 [INFO] org.springframework.boot.devtools.autoconfigure.OptionalLiveReloadServer {restartedMain} LiveReload server is running on port 35729
2022-07-14 23:11:48,564 [INFO] org.springframework.security.web.DefaultSecurityFilterChain {restartedMain} Creating filter chain: any request, [org.springframework.security.web.context.request.async.WebAsyncManagerIntegrationFilter@4a91425b, org.springframework.security.web.context.SecurityContextPersistenceFilter@1aab31b8, org.springframework.security.web.header.HeaderWriterFilter@d5087ce, org.springframework.security.web.authentication.logout.LogoutFilter@79688c3, org.springframework.security.web.savedrequest.RequestCacheAwareFilter@7757cf8e, org.springframework.security.web.servletapi.SecurityContextHolderAwareRequestFilter@4bd7b74, org.springframework.security.web.authentication.AnonymousAuthenticationFilter@236f47a8, org.springframework.security.web.session.SessionManagementFilter@2dc8e4f4, org.springframework.security.web.access.ExceptionTranslationFilter@cd19b15, org.springframework.security.web.access.intercept.FilterSecurityInterceptor@70c4fe91]
2022-07-14 23:11:48,602 [INFO] springfox.documentation.spring.web.PropertySourcedRequestMappingHandlerMapping {restartedMain} Mapped URL path [/v2/api-docs] onto method [public org.springframework.http.ResponseEntity<springfox.documentation.spring.web.json.Json> springfox.documentation.swagger2.web.Swagger2Controller.getDocumentation(java.lang.String,javax.servlet.http.HttpServletRequest)]
2022-07-14 23:11:48,705 [INFO] org.springframework.scheduling.concurrent.ThreadPoolTaskExecutor {restartedMain} Initializing ExecutorService 'applicationTaskExecutor'
2022-07-14 23:11:49,143 [INFO] org.springframework.boot.web.embedded.tomcat.TomcatWebServer {restartedMain} Tomcat initialized with port(s): 8071 (http)
2022-07-14 23:11:49,144 [INFO] org.apache.catalina.core.StandardService {restartedMain} Starting service [Tomcat]
2022-07-14 23:11:49,146 [INFO] org.apache.catalina.core.StandardEngine {restartedMain} Starting Servlet engine: [Apache Tomcat/9.0.14]
2022-07-14 23:11:49,179 [INFO] org.apache.catalina.core.ContainerBase.[Tomcat-1].[localhost].[/] {restartedMain} Initializing Spring embedded WebApplicationContext
2022-07-14 23:11:49,179 [INFO] org.springframework.web.context.ContextLoader {restartedMain} Root WebApplicationContext: initialization completed in 120 ms
2022-07-14 23:11:49,196 [INFO] org.springframework.boot.actuate.endpoint.web.EndpointLinksResolver {restartedMain} Exposing 18 endpoint(s) beneath base path '/insights'
2022-07-14 23:11:49,256 [INFO] org.springframework.boot.web.embedded.tomcat.TomcatWebServer {restartedMain} Tomcat started on port(s): 8071 (http) with context path ''
2022-07-14 23:11:49,259 [INFO] springfox.documentation.spring.web.plugins.DocumentationPluginsBootstrapper {restartedMain} Context refreshed
2022-07-14 23:11:49,275 [INFO] springfox.documentation.spring.web.plugins.DocumentationPluginsBootstrapper {restartedMain} Found 1 custom documentation plugin(s)
2022-07-14 23:11:49,301 [INFO] springfox.documentation.spring.web.scanners.ApiListingReferenceScanner {restartedMain} Scanning for api listing references
2022-07-14 23:11:49,474 [INFO] org.springframework.boot.web.embedded.tomcat.TomcatWebServer {restartedMain} Tomcat started on port(s): 8682 (http) with context path ''
2022-07-14 23:11:49,476 [INFO] com.tweetapp.TweetAppApiApplication {restartedMain} Started TweetAppApiApplication in 4.424 seconds (JVM running for 5.595)
2022-07-14 23:11:51,513 [INFO] org.apache.catalina.core.ContainerBase.[Tomcat].[localhost].[/] {RMI TCP Connection(4)-192.168.0.192} Initializing Spring DispatcherServlet 'dispatcherServlet'
2022-07-14 23:11:51,514 [INFO] org.springframework.web.servlet.DispatcherServlet {RMI TCP Connection(4)-192.168.0.192} Initializing Servlet 'dispatcherServlet'
2022-07-14 23:11:51,527 [INFO] org.springframework.web.servlet.DispatcherServlet {RMI TCP Connection(4)-192.168.0.192} Completed initialization in 13 ms
2022-07-14 23:11:51,567 [INFO] org.mongodb.driver.connection {RMI TCP Connection(3)-192.168.0.192} Opened connection [connectionId{localValue:2, serverValue:4}] to localhost:27017
2022-07-14 23:12:16,800 [DEBUG] com.tweetapp.services.UserOperationsService {http-nio-8682-exec-4} registered user with userName: string
2022-07-14 23:12:47,906 [INFO] org.mongodb.driver.connection {MaintenanceTimer-1-thread-1} Closed connection [connectionId{localValue:2, serverValue:4}] to localhost:27017 because it is past its maximum allowed idle time.
2022-07-14 23:13:30,041 [INFO] org.mongodb.driver.connection {http-nio-8682-exec-1} Opened connection [connectionId{localValue:3, serverValue:5}] to localhost:27017
2022-07-14 23:13:30,043 [DEBUG] com.tweetapp.services.UserOperationsService {http-nio-8682-exec-1} registered user with userName: nadal@gmail.com
2022-07-14 23:13:41,048 [DEBUG] com.tweetapp.controllers.UserAuthController {http-nio-8682-exec-4} successfully logged in with userName: nadal@gmail.com
2022-07-14 23:13:41,049 [DEBUG] com.tweetapp.controllers.UserAuthController {http-nio-8682-exec-4} Incremented prometheus counter for metric: #tweet.app.user.account.login
2022-07-14 23:13:41,141 [DEBUG] com.tweetapp.controllers.UserTweetController {http-nio-8682-exec-5} getting the tweets for user: nadal@gmail.com
2022-07-14 23:13:41,152 [DEBUG] com.tweetapp.services.TweetService {http-nio-8682-exec-5} found the total tweets: 0 for user: nadal@gmail.com
2022-07-14 23:13:46,381 [DEBUG] com.tweetapp.services.TweetService {http-nio-8682-exec-10} Posted new tweet for user : nadal@gmail.com 
2022-07-14 23:13:46,381 [DEBUG] com.tweetapp.services.TweetService {http-nio-8682-exec-10} Incremented prometheus counter for metric: # tweet.app.user.tweets.post
2022-07-14 23:13:48,900 [DEBUG] com.tweetapp.controllers.UserController {http-nio-8682-exec-7} fetching total users
2022-07-14 23:13:48,903 [DEBUG] com.tweetapp.services.UserOperationsService {http-nio-8682-exec-7} total No of users: 4
2022-07-14 23:13:51,797 [DEBUG] com.tweetapp.controllers.UserTweetController {http-nio-8682-exec-9} getting the tweets for user: string
2022-07-14 23:13:51,799 [DEBUG] com.tweetapp.services.TweetService {http-nio-8682-exec-9} found the total tweets: 0 for user: string
2022-07-14 23:13:53,265 [DEBUG] com.tweetapp.controllers.UserController {http-nio-8682-exec-1} fetching total users
2022-07-14 23:13:53,267 [DEBUG] com.tweetapp.services.UserOperationsService {http-nio-8682-exec-1} total No of users: 4
2022-07-14 23:14:04,118 [INFO] org.springframework.scheduling.concurrent.ThreadPoolTaskExecutor {Thread-11} Shutting down ExecutorService 'applicationTaskExecutor'
