2022-07-09 02:23:15,023 [INFO] com.tweetapp.TweetAppApiApplication {restartedMain} Starting TweetAppApiApplication on DESKTOP-0GESMLH with PID 12564 (started by 888245 in C:\Users\888245\git\FINAL VERSION TWEETAPP\tweet_app_api_service)
2022-07-09 02:23:15,023 [DEBUG] com.tweetapp.TweetAppApiApplication {restartedMain} Running with Spring Boot v2.1.2.RELEASE, Spring v5.1.4.RELEASE
2022-07-09 02:23:15,024 [INFO] com.tweetapp.TweetAppApiApplication {restartedMain} No active profile set, falling back to default profiles: default
2022-07-09 02:23:15,053 [INFO] org.springframework.boot.devtools.env.DevToolsPropertyDefaultsPostProcessor {restartedMain} Devtools property defaults active! Set 'spring.devtools.add-properties' to 'false' to disable
2022-07-09 02:23:15,053 [INFO] org.springframework.boot.devtools.env.DevToolsPropertyDefaultsPostProcessor {restartedMain} For additional web related logging consider setting the 'logging.level.web' property to 'DEBUG'
2022-07-09 02:23:16,126 [INFO] org.springframework.data.repository.config.RepositoryConfigurationDelegate {restartedMain} Bootstrapping Spring Data repositories in DEFAULT mode.
2022-07-09 02:23:16,198 [INFO] org.springframework.data.repository.config.RepositoryConfigurationDelegate {restartedMain} Finished Spring Data repository scanning in 68ms. Found 2 repository interfaces.
2022-07-09 02:23:16,766 [INFO] org.springframework.boot.web.embedded.tomcat.TomcatWebServer {restartedMain} Tomcat initialized with port(s): 8682 (http)
2022-07-09 02:23:16,786 [INFO] org.apache.catalina.core.StandardService {restartedMain} Starting service [Tomcat]
2022-07-09 02:23:16,787 [INFO] org.apache.catalina.core.StandardEngine {restartedMain} Starting Servlet engine: [Apache Tomcat/9.0.14]
2022-07-09 02:23:16,792 [INFO] org.apache.catalina.core.AprLifecycleListener {restartedMain} The APR based Apache Tomcat Native library which allows optimal performance in production environments was not found on the java.library.path: [C:\Program Files\Eclipse Foundation\jdk-11.0.12.7-hotspot\bin;C:\Windows\Sun\Java\bin;C:\Windows\system32;C:\Windows;C:\Python310\Scripts\;C:\Python310\;C:\Program Files (x86)\Common Files\Oracle\Java\javapath;C:\Windows\system32;C:\Windows;C:\Windows\System32\Wbem;C:\Windows\System32\WindowsPowerShell\v1.0\;C:\Windows\System32\OpenSSH\;C:\Program Files (x86)\NVIDIA Corporation\PhysX\Common;C:\Program Files\WindowsPowerShell\Scripts;C:\Program Files\Docker\Docker\resources\bin;C:\ProgramData\DockerDesktop\version-bin;C:\Program Files\Java\jdk1.8.0_261\bin;C:\Program Files\Git\cmd;C:\Program Files\nodejs\;C:\ProgramData\chocolatey\bin;C:\webdrivers;C:\Program Files\Java\jdk1.8.0_261\bin;C:\Users\888245\AppData\Local\Programs\Git\cmd;C:\Program Files\IntelliJ IDEA Community Edition 2021.1.3\bin;;C:\Users\888245\AppData\Local\Programs\Microsoft VS Code\bin;C:\Users\888245\AppData\Roaming\npm;.]
2022-07-09 02:23:16,878 [INFO] org.apache.catalina.core.ContainerBase.[Tomcat].[localhost].[/api/v1.0] {restartedMain} Initializing Spring embedded WebApplicationContext
2022-07-09 02:23:16,879 [INFO] org.springframework.web.context.ContextLoader {restartedMain} Root WebApplicationContext: initialization completed in 1826 ms
2022-07-09 02:23:17,091 [DEBUG] com.tweetapp.configs.mongodb.MongoDbConfig {restartedMain} Initializing MongoDB uri: mongodb://localhost:27017
2022-07-09 02:23:17,255 [INFO] org.mongodb.driver.cluster {restartedMain} Cluster created with settings {hosts=[localhost:27017], mode=SINGLE, requiredClusterType=UNKNOWN, serverSelectionTimeout='30000 ms', maxWaitQueueSize=500}
2022-07-09 02:23:17,286 [INFO] com.tweetapp.configs.mongodb.MongoDbConfig {restartedMain} Database Name: 'tweet_app'
2022-07-09 02:23:17,306 [INFO] org.mongodb.driver.connection {cluster-ClusterId{value='62c8993d622265358aa3c8b3', description='null'}-localhost:27017} Opened connection [connectionId{localValue:1, serverValue:3}] to localhost:27017
2022-07-09 02:23:17,313 [INFO] org.mongodb.driver.cluster {cluster-ClusterId{value='62c8993d622265358aa3c8b3', description='null'}-localhost:27017} Monitor thread successfully connected to server with description ServerDescription{address=localhost:27017, type=STANDALONE, state=CONNECTED, ok=true, version=ServerVersion{versionList=[4, 0, 23]}, minWireVersion=0, maxWireVersion=7, maxDocumentSize=16777216, logicalSessionTimeoutMinutes=30, roundTripTimeNanos=3430400}
2022-07-09 02:23:17,476 [INFO] org.springframework.boot.devtools.autoconfigure.OptionalLiveReloadServer {restartedMain} LiveReload server is running on port 35729
2022-07-09 02:23:18,008 [INFO] org.springframework.security.web.DefaultSecurityFilterChain {restartedMain} Creating filter chain: any request, [org.springframework.security.web.context.request.async.WebAsyncManagerIntegrationFilter@6771b312, org.springframework.security.web.context.SecurityContextPersistenceFilter@11cc4c86, org.springframework.security.web.header.HeaderWriterFilter@36525bd9, org.springframework.security.web.authentication.logout.LogoutFilter@6fbe890c, org.springframework.security.web.savedrequest.RequestCacheAwareFilter@730f3bcb, org.springframework.security.web.servletapi.SecurityContextHolderAwareRequestFilter@9e62f5f, org.springframework.security.web.authentication.AnonymousAuthenticationFilter@25a16c3, org.springframework.security.web.session.SessionManagementFilter@75737263, org.springframework.security.web.access.ExceptionTranslationFilter@e1213fc, org.springframework.security.web.access.intercept.FilterSecurityInterceptor@310f44a]
2022-07-09 02:23:18,028 [INFO] springfox.documentation.spring.web.PropertySourcedRequestMappingHandlerMapping {restartedMain} Mapped URL path [/v2/api-docs] onto method [public org.springframework.http.ResponseEntity<springfox.documentation.spring.web.json.Json> springfox.documentation.swagger2.web.Swagger2Controller.getDocumentation(java.lang.String,javax.servlet.http.HttpServletRequest)]
2022-07-09 02:23:18,145 [INFO] org.springframework.scheduling.concurrent.ThreadPoolTaskExecutor {restartedMain} Initializing ExecutorService 'applicationTaskExecutor'
2022-07-09 02:23:18,626 [INFO] org.springframework.boot.web.embedded.tomcat.TomcatWebServer {restartedMain} Tomcat initialized with port(s): 8071 (http)
2022-07-09 02:23:18,627 [INFO] org.apache.catalina.core.StandardService {restartedMain} Starting service [Tomcat]
2022-07-09 02:23:18,627 [INFO] org.apache.catalina.core.StandardEngine {restartedMain} Starting Servlet engine: [Apache Tomcat/9.0.14]
2022-07-09 02:23:18,656 [INFO] org.apache.catalina.core.ContainerBase.[Tomcat-1].[localhost].[/] {restartedMain} Initializing Spring embedded WebApplicationContext
2022-07-09 02:23:18,656 [INFO] org.springframework.web.context.ContextLoader {restartedMain} Root WebApplicationContext: initialization completed in 110 ms
2022-07-09 02:23:18,676 [INFO] org.springframework.boot.actuate.endpoint.web.EndpointLinksResolver {restartedMain} Exposing 18 endpoint(s) beneath base path '/insights'
2022-07-09 02:23:18,748 [INFO] org.springframework.boot.web.embedded.tomcat.TomcatWebServer {restartedMain} Tomcat started on port(s): 8071 (http) with context path ''
2022-07-09 02:23:18,751 [INFO] springfox.documentation.spring.web.plugins.DocumentationPluginsBootstrapper {restartedMain} Context refreshed
2022-07-09 02:23:18,767 [INFO] springfox.documentation.spring.web.plugins.DocumentationPluginsBootstrapper {restartedMain} Found 1 custom documentation plugin(s)
2022-07-09 02:23:18,797 [INFO] springfox.documentation.spring.web.scanners.ApiListingReferenceScanner {restartedMain} Scanning for api listing references
2022-07-09 02:23:18,978 [INFO] org.springframework.boot.web.embedded.tomcat.TomcatWebServer {restartedMain} Tomcat started on port(s): 8682 (http) with context path '/api/v1.0'
2022-07-09 02:23:18,980 [INFO] com.tweetapp.TweetAppApiApplication {restartedMain} Started TweetAppApiApplication in 4.193 seconds (JVM running for 5.129)
2022-07-09 02:23:19,631 [INFO] org.apache.catalina.core.ContainerBase.[Tomcat].[localhost].[/api/v1.0] {RMI TCP Connection(1)-192.168.0.192} Initializing Spring DispatcherServlet 'dispatcherServlet'
2022-07-09 02:23:19,632 [INFO] org.springframework.web.servlet.DispatcherServlet {RMI TCP Connection(1)-192.168.0.192} Initializing Servlet 'dispatcherServlet'
2022-07-09 02:23:19,640 [INFO] org.springframework.web.servlet.DispatcherServlet {RMI TCP Connection(1)-192.168.0.192} Completed initialization in 8 ms
2022-07-09 02:23:19,662 [INFO] org.mongodb.driver.connection {RMI TCP Connection(2)-192.168.0.192} Opened connection [connectionId{localValue:2, serverValue:4}] to localhost:27017
2022-07-09 02:24:17,281 [INFO] org.mongodb.driver.connection {MaintenanceTimer-1-thread-1} Closed connection [connectionId{localValue:2, serverValue:4}] to localhost:27017 because it is past its maximum allowed idle time.
2022-07-09 02:30:23,238 [INFO] org.springframework.scheduling.concurrent.ThreadPoolTaskExecutor {Thread-9} Shutting down ExecutorService 'applicationTaskExecutor'
